[LOG] System::create                           : Header version = 2.01.11. Current version = 2.01.11.
[LOG] Manager::init                            : maxchannels = 256 studioflags = 00000006 flags 00000000 extradriverdata 0000000000000000.
[LOG] SystemI::init                            : Initialize version=20111 (118066), maxchannels=256, flags=0x00020000
[LOG] SystemI::setOutputInternal               : Setting output to 'FMOD WASAPI Output'
[LOG] OutputWASAPI::init                       : Mix Format (WAVEFORMATEX): wFormatTag=0xFFFE, nChannels=2, nSamplesPerSec=48000, nAvgBytesPerSec=384000, nBlockAlign=8, wBitsPerSample=32, cbSize=22.
[LOG] OutputWASAPI::init                       : Mix Format (WAVEFORMATEXTENSIBLE): wValidBitsPerSample=32, dwChannelMask=0x00000003, SubFormat=00000003-0000-0010-8000-00AA00389B71.
[LOG] OutputWASAPI::init                       : Output buffer size: 4096 samples, latency: 0.00ms, period: 10.00ms, DSP buffer: 1024 * 4
[LOG] Thread::initThread                       : Init FMOD stream thread. Affinity: 0x8000000000000003, Priority: 0xFFFF7FFB, Stack Size: 98304, Semaphore: No, Sleep Time: 10, Looping: Yes.
[LOG] Thread::initThread                       : Init FMOD mixer thread. Affinity: 0x8000000000000001, Priority: 0xFFFF7FFA, Stack Size: 81920, Semaphore: No, Sleep Time: 0, Looping: Yes.
[LOG] AsyncManager::init                       : manager 00000204B4A72628 isAsync 0 updatePeriod 0.02
[LOG] AsyncManager::init                       : done
[LOG] PlaybackSystem::init                     : 
[LOG] Thread::initThread                       : Init FMOD Studio sample load thread. Affinity: 0x8000000000000003, Priority: 0xFFFF7FFD, Stack Size: 98304, Semaphore: No, Sleep Time: 1, Looping: No.
[LOG] PlaybackSystem::init                     : done
[LOG] Thread::initThread                       : Init FMOD Studio bank load thread. Affinity: 0x8000000000000003, Priority: 0xFFFF7FFD, Stack Size: 98304, Semaphore: No, Sleep Time: 1, Looping: No.
[LOG] Manager::init                            : done.
[LOG] Manager::readBank                        : fileversion = 135, compatVersion = 132 (oldest = 44, newest = 135)
[LOG] Manager::readBank                        : fileversion = 135, compatVersion = 132 (oldest = 44, newest = 135)
[LOG] Manager::readBank                        : fileversion = 135, compatVersion = 132 (oldest = 44, newest = 135)
[LOG] PlaybackSystem::acquireMasterBus         : Setting master channel group format to 6
[LOG] SystemI::createSoundInternal             : Create name='', mode=0x02000202
[LOG] SystemI::createSoundInternal             : exinfo->cbsize             = 224
[LOG] SystemI::createSoundInternal             : exinfo->length             = 243392
[LOG] SystemI::createSoundInternal             : exinfo->fileoffset         = 21344
[LOG] SystemI::createSoundInternal             : exinfo->numsubsounds       = 1
[LOG] SystemI::createSoundInternal             : exinfo->inclusionlist      = 000000EFCC9CF5E8
[LOG] SystemI::createSoundInternal             : exinfo->inclusionlistnum   = 1
[LOG] SystemI::createSoundInternal             : exinfo->suggestedsoundtype = 5
[LOG] SystemI::createSoundInternal             : exinfo->useropen           = 00007FFEBA0E60E0
[LOG] SystemI::createSoundInternal             : exinfo->userclose          = 00007FFEBA0E60B0
[LOG] SystemI::createSoundInternal             : exinfo->userread           = 00007FFEBA0E61B0
[LOG] SystemI::createSoundInternal             : exinfo->userseek           = 00007FFEBA0E6270
[LOG] SystemI::createSoundInternal             : exinfo->fileuserdata       = 00000204D80CB9B8
[LOG] SystemI::createSoundInternal             : exinfo->initialseekpostype = 1
[LOG] SystemI::DSPCodecPoolRegister            : register codec pool for pool type 5
[LOG] SystemI::createSoundInternal             : Sample 0/1: name='Smith_Wesson_Model_686_Revolver_Gunshot-03', format=5, channels=2, frequency=48000, lengthbytes=9792, lengthpcm=39162, pcmblocksize=0, loopstart=0, loopend=0, mode=0x00000000, channelmask=0x00000000, channelorder=0, peakvolume=0.985345.
[LOG] SystemI::createSoundInternal             : Create name='', mode=0x02000202
[LOG] SystemI::createSoundInternal             : exinfo->cbsize             = 224
[LOG] SystemI::createSoundInternal             : exinfo->length             = 243392
[LOG] SystemI::createSoundInternal             : exinfo->fileoffset         = 21344
[LOG] SystemI::createSoundInternal             : exinfo->numsubsounds       = 1
[LOG] SystemI::createSoundInternal             : exinfo->inclusionlist      = 000000EFCC9CF5E8
[LOG] SystemI::createSoundInternal             : exinfo->inclusionlistnum   = 1
[LOG] SystemI::createSoundInternal             : exinfo->suggestedsoundtype = 5
[LOG] SystemI::createSoundInternal             : exinfo->useropen           = 00007FFEBA0E60E0
[LOG] SystemI::createSoundInternal             : exinfo->userclose          = 00007FFEBA0E60B0
[LOG] SystemI::createSoundInternal             : exinfo->userread           = 00007FFEBA0E61B0
[LOG] SystemI::createSoundInternal             : exinfo->userseek           = 00007FFEBA0E6270
[LOG] SystemI::createSoundInternal             : exinfo->fileuserdata       = 00000204D80CB9B8
[LOG] SystemI::createSoundInternal             : exinfo->initialseekpostype = 1
[LOG] SystemI::DSPCodecPoolRegister            : register codec pool for pool type 5
[LOG] SystemI::createSoundInternal             : Sample 0/1: name='Smith_Wesson_Model_686_Revolver_Gunshot-04', format=5, channels=2, frequency=48000, lengthbytes=10208, lengthpcm=40704, pcmblocksize=0, loopstart=0, loopend=0, mode=0x00000000, channelmask=0x00000000, channelorder=0, peakvolume=0.986111.
[LOG] SystemI::createSoundInternal             : Create name='', mode=0x02000202
[LOG] SystemI::createSoundInternal             : exinfo->cbsize             = 224
[LOG] SystemI::createSoundInternal             : exinfo->length             = 243392
[LOG] SystemI::createSoundInternal             : exinfo->fileoffset         = 21344
[LOG] SystemI::createSoundInternal             : exinfo->numsubsounds       = 1
[LOG] SystemI::createSoundInternal             : exinfo->inclusionlist      = 000000EFCC9CF5E8
[LOG] SystemI::createSoundInternal             : exinfo->inclusionlistnum   = 1
[LOG] SystemI::createSoundInternal             : exinfo->suggestedsoundtype = 5
[LOG] SystemI::createSoundInternal             : exinfo->useropen           = 00007FFEBA0E60E0
[LOG] SystemI::createSoundInternal             : exinfo->userclose          = 00007FFEBA0E60B0
[LOG] SystemI::createSoundInternal             : exinfo->userread           = 00007FFEBA0E61B0
[LOG] SystemI::createSoundInternal             : exinfo->userseek           = 00007FFEBA0E6270
[LOG] SystemI::createSoundInternal             : exinfo->fileuserdata       = 00000204D80CB9B8
[LOG] SystemI::createSoundInternal             : exinfo->initialseekpostype = 1
[LOG] SystemI::DSPCodecPoolRegister            : register codec pool for pool type 5
[LOG] SystemI::createSoundInternal             : Sample 0/1: name='Smith_Wesson_Model_686_Revolver_Gunshot-01', format=5, channels=2, frequency=48000, lengthbytes=9568, lengthpcm=37376, pcmblocksize=0, loopstart=0, loopend=0, mode=0x00000000, channelmask=0x00000000, channelorder=0, peakvolume=0.985345.
[LOG] SystemI::createSoundInternal             : Create name='', mode=0x02000202
[LOG] SystemI::createSoundInternal             : exinfo->cbsize             = 224
[LOG] SystemI::createSoundInternal             : exinfo->length             = 243392
[LOG] SystemI::createSoundInternal             : exinfo->fileoffset         = 21344
[LOG] SystemI::createSoundInternal             : exinfo->numsubsounds       = 1
[LOG] SystemI::createSoundInternal             : exinfo->inclusionlist      = 000000EFCC9CF5E8
[LOG] SystemI::createSoundInternal             : exinfo->inclusionlistnum   = 1
[LOG] SystemI::createSoundInternal             : exinfo->suggestedsoundtype = 5
[LOG] SystemI::createSoundInternal             : exinfo->useropen           = 00007FFEBA0E60E0
[LOG] SystemI::createSoundInternal             : exinfo->userclose          = 00007FFEBA0E60B0
[LOG] SystemI::createSoundInternal             : exinfo->userread           = 00007FFEBA0E61B0
[LOG] SystemI::createSoundInternal             : exinfo->userseek           = 00007FFEBA0E6270
[LOG] SystemI::createSoundInternal             : exinfo->fileuserdata       = 00000204D80CB9B8
[LOG] SystemI::createSoundInternal             : exinfo->initialseekpostype = 1
[LOG] SystemI::DSPCodecPoolRegister            : register codec pool for pool type 5
[LOG] SystemI::createSoundInternal             : Sample 0/1: name='Smith_Wesson_Model_686_Revolver_Gunshot-05', format=5, channels=2, frequency=48000, lengthbytes=11712, lengthpcm=48128, pcmblocksize=0, loopstart=0, loopend=0, mode=0x00000000, channelmask=0x00000000, channelorder=0, peakvolume=0.973336.
[LOG] SystemI::createSoundInternal             : Create name='', mode=0x02000202
[LOG] SystemI::createSoundInternal             : exinfo->cbsize             = 224
[LOG] SystemI::createSoundInternal             : exinfo->length             = 243392
[LOG] SystemI::createSoundInternal             : exinfo->fileoffset         = 21344
[LOG] SystemI::createSoundInternal             : exinfo->numsubsounds       = 1
[LOG] SystemI::createSoundInternal             : exinfo->inclusionlist      = 000000EFCC9CF5E8
[LOG] SystemI::createSoundInternal             : exinfo->inclusionlistnum   = 1
[LOG] SystemI::createSoundInternal             : exinfo->suggestedsoundtype = 5
[LOG] SystemI::createSoundInternal             : exinfo->useropen           = 00007FFEBA0E60E0
[LOG] SystemI::createSoundInternal             : exinfo->userclose          = 00007FFEBA0E60B0
[LOG] SystemI::createSoundInternal             : exinfo->userread           = 00007FFEBA0E61B0
[LOG] SystemI::createSoundInternal             : exinfo->userseek           = 00007FFEBA0E6270
[LOG] SystemI::createSoundInternal             : exinfo->fileuserdata       = 00000204D80CB9B8
[LOG] SystemI::createSoundInternal             : exinfo->initialseekpostype = 1
[LOG] SystemI::DSPCodecPoolRegister            : register codec pool for pool type 5
[LOG] SystemI::createSoundInternal             : Sample 0/1: name='Smith_Wesson_Model_686_Revolver_Gunshot-02', format=5, channels=2, frequency=48000, lengthbytes=9984, lengthpcm=40448, pcmblocksize=0, loopstart=0, loopend=0, mode=0x00000000, channelmask=0x00000000, channelorder=0, peakvolume=0.960528.
[LOG] SystemI::createSoundInternal             : Create name='', mode=0x02000202
[LOG] SystemI::createSoundInternal             : exinfo->cbsize             = 224
[LOG] SystemI::createSoundInternal             : exinfo->length             = 243392
[LOG] SystemI::createSoundInternal             : exinfo->fileoffset         = 21344
[LOG] SystemI::createSoundInternal             : exinfo->numsubsounds       = 1
[LOG] SystemI::createSoundInternal             : exinfo->inclusionlist      = 000000EFCC9CF5E8
[LOG] SystemI::createSoundInternal             : exinfo->inclusionlistnum   = 1
[LOG] SystemI::createSoundInternal             : exinfo->suggestedsoundtype = 5
[LOG] SystemI::createSoundInternal             : exinfo->useropen           = 00007FFEBA0E60E0
[LOG] SystemI::createSoundInternal             : exinfo->userclose          = 00007FFEBA0E60B0
[LOG] SystemI::createSoundInternal             : exinfo->userread           = 00007FFEBA0E61B0
[LOG] SystemI::createSoundInternal             : exinfo->userseek           = 00007FFEBA0E6270
[LOG] SystemI::createSoundInternal             : exinfo->fileuserdata       = 00000204D80CD488
[LOG] SystemI::createSoundInternal             : exinfo->initialseekpostype = 1
[LOG] SystemI::DSPCodecPoolRegister            : register codec pool for pool type 5
[LOG] SystemI::createSoundInternal             : Sample 0/1: name='Colt_Pinkerton_Revolver_Handling-05', format=5, channels=1, frequency=48000, lengthbytes=6816, lengthpcm=35840, pcmblocksize=0, loopstart=0, loopend=0, mode=0x00000000, channelmask=0x00000000, channelorder=0, peakvolume=0.773365.
[LOG] SystemI::createSoundInternal             : Create name='', mode=0x02000202
[LOG] SystemI::createSoundInternal             : exinfo->cbsize             = 224
[LOG] SystemI::createSoundInternal             : exinfo->length             = 243392
[LOG] SystemI::createSoundInternal             : exinfo->fileoffset         = 21344
[LOG] SystemI::createSoundInternal             : exinfo->numsubsounds       = 1
[LOG] SystemI::createSoundInternal             : exinfo->inclusionlist      = 000000EFCC9CF5E8
[LOG] SystemI::createSoundInternal             : exinfo->inclusionlistnum   = 1
[LOG] SystemI::createSoundInternal             : exinfo->suggestedsoundtype = 5
[LOG] SystemI::createSoundInternal             : exinfo->useropen           = 00007FFEBA0E60E0
[LOG] SystemI::createSoundInternal             : exinfo->userclose          = 00007FFEBA0E60B0
[LOG] SystemI::createSoundInternal             : exinfo->userread           = 00007FFEBA0E61B0
[LOG] SystemI::createSoundInternal             : exinfo->userseek           = 00007FFEBA0E6270
[LOG] SystemI::createSoundInternal             : exinfo->fileuserdata       = 00000204D80CD488
[LOG] SystemI::createSoundInternal             : exinfo->initialseekpostype = 1
[LOG] SystemI::DSPCodecPoolRegister            : register codec pool for pool type 5
[LOG] SystemI::createSoundInternal             : Sample 0/1: name='Colt_Pinkerton_Revolver_Handling-04', format=5, channels=1, frequency=48000, lengthbytes=5568, lengthpcm=29184, pcmblocksize=0, loopstart=0, loopend=0, mode=0x00000000, channelmask=0x00000000, channelorder=0, peakvolume=0.720125.
[LOG] SystemI::createSoundInternal             : Create name='', mode=0x02000202
[LOG] SystemI::createSoundInternal             : exinfo->cbsize             = 224
[LOG] SystemI::createSoundInternal             : exinfo->length             = 243392
[LOG] SystemI::createSoundInternal             : exinfo->fileoffset         = 21344
[LOG] SystemI::createSoundInternal             : exinfo->numsubsounds       = 1
[LOG] SystemI::createSoundInternal             : exinfo->inclusionlist      = 000000EFCC9CF5E8
[LOG] SystemI::createSoundInternal             : exinfo->inclusionlistnum   = 1
[LOG] SystemI::createSoundInternal             : exinfo->suggestedsoundtype = 5
[LOG] SystemI::createSoundInternal             : exinfo->useropen           = 00007FFEBA0E60E0
[LOG] SystemI::createSoundInternal             : exinfo->userclose          = 00007FFEBA0E60B0
[LOG] SystemI::createSoundInternal             : exinfo->userread           = 00007FFEBA0E61B0
[LOG] SystemI::createSoundInternal             : exinfo->userseek           = 00007FFEBA0E6270
[LOG] SystemI::createSoundInternal             : exinfo->fileuserdata       = 00000204D80CD488
[LOG] SystemI::createSoundInternal             : exinfo->initialseekpostype = 1
[LOG] SystemI::DSPCodecPoolRegister            : register codec pool for pool type 5
[LOG] SystemI::createSoundInternal             : Sample 0/1: name='Colt_Pinkerton_Revolver_Handling-06', format=5, channels=1, frequency=48000, lengthbytes=7040, lengthpcm=37888, pcmblocksize=0, loopstart=0, loopend=0, mode=0x00000000, channelmask=0x00000000, channelorder=0, peakvolume=0.702377.
[LOG] SoundI::release                          :  (000002042B1AFA68)
[LOG] SoundI::release                          :     Smith_Wesson_Model_686_Revolver_Gunshot-01 (00000204D83BD598)
[LOG] SoundI::release                          :  (000002042B1AFEB8)
[LOG] SoundI::release                          :     Smith_Wesson_Model_686_Revolver_Gunshot-02 (00000204D83BCD78)
[LOG] SoundI::release                          :  (000002042B1AED78)
[LOG] SoundI::release                          :     Smith_Wesson_Model_686_Revolver_Gunshot-03 (00000204D83C11B8)
[LOG] SoundI::release                          :  (000002042B1AF058)
[LOG] SoundI::release                          :     Smith_Wesson_Model_686_Revolver_Gunshot-04 (00000204D83C1358)
[LOG] SoundI::release                          :  (000002042B1AFD48)
[LOG] SoundI::release                          :     Smith_Wesson_Model_686_Revolver_Gunshot-05 (00000204D83C14F8)
[LOG] SoundI::release                          :  (000002042B1B2418)
[LOG] SoundI::release                          :     Colt_Pinkerton_Revolver_Handling-04 (00000204D83C6978)
[LOG] SoundI::release                          :  (000002042B1B1E58)
[LOG] SoundI::release                          :     Colt_Pinkerton_Revolver_Handling-06 (00000204D83C2EF8)
[LOG] SoundI::release                          :  (000002042B1B4978)
[LOG] SoundI::release                          :     Colt_Pinkerton_Revolver_Handling-05 (00000204D83C62F8)
[LOG] Thread::callback                         : FMOD Studio update thread finished.
[LOG] Thread::callback                         : FMOD Studio bank load thread finished.
[LOG] Profile::disconnectAll                   : Profiler disconnecting all clients
[LOG] Thread::callback                         : FMOD Studio sample load thread finished.
[LOG] LiveUpdate::release                      : 
[LOG] LiveUpdate::reset                        : Reset connection (reason Disconnected)
[LOG] Thread::callback                         : FMOD stream thread finished.
[LOG] Thread::callback                         : FMOD mixer thread finished.
[LOG] Profile::disconnectAll                   : Profiler disconnecting all clients
[LOG] SystemI::close                           : Closed.
